"../../../../../../Users/Dennis/Documents/Unreal Projects/RollingStar/Content/VehicleAdvBP/Blueprints/rollingStarInstance.uasset" 0
"../../../../../../Users/Dennis/Documents/Unreal Projects/RollingStar/Content/endMenu.uasset" 1
"../../../../../../Users/Dennis/Documents/Unreal Projects/RollingStar/Content/Blueprints/NewHUD.uasset" 2
"../../../../../../Users/Dennis/Documents/Unreal Projects/RollingStar/Content/Geometry/Meshes/CubeMaterial.uasset" 3
"../../../../../../Users/Dennis/Documents/Unreal Projects/RollingStar/Content/Geometry/Meshes/1M_Cube.uasset" 4
"../../../../../../Users/Dennis/Documents/Unreal Projects/RollingStar/Content/Geometry/Meshes/1M_Cube_Chamfer.uasset" 5
"../../../Engine/Content/Functions/Engine_MaterialFunctions01/Opacity/CameraDepthFade.uasset" 6
"../../../Engine/Content/EngineMaterials/T_Default_Material_Grid_M.uasset" 7
"../../../Engine/Content/EngineMaterials/T_Default_Material_Grid_N.uasset" 8
"../../../Engine/Content/EngineMaterials/WorldGridMaterial.uasset" 9
"../../../../../../Users/Dennis/Documents/Unreal Projects/RollingStar/Content/Geometry/Meshes/stadium.uasset" 10
"../../../../../../Users/Dennis/Documents/Unreal Projects/RollingStar/Content/Geometry/Meshes/TemplateFloor.uasset" 11
"../../../../../../Users/Dennis/Documents/Unreal Projects/RollingStar/Content/VehicleAdv/ArenaMesh/CubeMaterial.uasset" 12
"../../../Engine/Content/EngineMaterials/Grid.uasset" 13
"../../../../../../Users/Dennis/Documents/Unreal Projects/RollingStar/Content/VehicleAdv/Materials/MasterGrid.uasset" 14
"../../../../../../Users/Dennis/Documents/Unreal Projects/RollingStar/Content/VehicleAdv/Materials/MaterialInstances/RedGrid.uasset" 15
"../../../../../../Users/Dennis/Documents/Unreal Projects/RollingStar/Content/VehicleAdv/ArenaMesh/pole.uasset" 16
"../../../../../../Users/Dennis/Documents/Unreal Projects/RollingStar/Content/VehicleAdv/Materials/MasterSolidColor.uasset" 17
"../../../../../../Users/Dennis/Documents/Unreal Projects/RollingStar/Content/VehicleAdv/Materials/MaterialInstances/SolidOrange.uasset" 18
"../../../../../../Users/Dennis/Documents/Unreal Projects/RollingStar/Content/VehicleAdv/ArenaMesh/RampTwist.uasset" 19
"../../../../../../Users/Dennis/Documents/Unreal Projects/RollingStar/Content/VehicleAdv/ArenaMesh/RoadSegment_01.uasset" 20
"../../../../../../Users/Dennis/Documents/Unreal Projects/RollingStar/Content/VehicleAdv/Sound/Engine_Speed_01_Loop.uasset" 21
"../../../../../../Users/Dennis/Documents/Unreal Projects/RollingStar/Content/VehicleAdv/Sound/Engine_Speed_02_Loop.uasset" 22
"../../../../../../Users/Dennis/Documents/Unreal Projects/RollingStar/Content/VehicleAdv/Sound/Engine_Speed_03_Loop.uasset" 23
"../../../../../../Users/Dennis/Documents/Unreal Projects/RollingStar/Content/VehicleAdv/Sound/Engine_Speed_04_Loop.uasset" 24
"../../../../../../Users/Dennis/Documents/Unreal Projects/RollingStar/Content/VehicleAdv/Sound/Engine_Speed_05_Loop.uasset" 25
"../../../../../../Users/Dennis/Documents/Unreal Projects/RollingStar/Content/VehicleAdv/Sound/Engine_Speed_06_Loop.uasset" 26
"../../../../../../Users/Dennis/Documents/Unreal Projects/RollingStar/Content/VehicleAdv/Textures/VehicleJoystick_BackgroundL.uasset" 27
"../../../../../../Users/Dennis/Documents/Unreal Projects/RollingStar/Content/VehicleAdv/Textures/VehicleJoystick_BackgroundR.uasset" 28
"../../../Engine/Content/MobileResources/HUD/VirtualJoystick_Background.uasset" 29
"../../../Engine/Content/MobileResources/HUD/VirtualJoystick_Thumb.uasset" 30
"../../../../../../Users/Dennis/Documents/Unreal Projects/RollingStar/Content/VehicleAdv/Vehicle/LeftVirtualJoystickOnly.uasset" 31
"../../../../../../Users/Dennis/Documents/Unreal Projects/RollingStar/Content/VehicleAdv/Vehicle/VehicleBodyCollision.uasset" 32
"../../../Engine/Content/ArtTools/RenderToTexture/Meshes/S_1_Unit_Plane.uasset" 33
"../../../Engine/Content/EngineMaterials/DefaultMaterial.uasset" 34
"../../../Engine/Content/BasicShapes/Cone.uasset" 35
"../../../Engine/Content/BasicShapes/Cube.uasset" 36
"../../../Engine/Content/BasicShapes/Cylinder.uasset" 37
"../../../Engine/Content/EditorLandscapeResources/DataLayer.uasset" 38
"../../../Engine/Content/EditorMaterials/GizmoMaterial.uasset" 39
"../../../Engine/Content/EditorMaterials/MAT_Groups_Toggle.uasset" 40
"../../../Engine/Content/EditorMaterials/MAT_Groups_Visibility.uasset" 41
"../../../Engine/Content/EditorMaterials/PreviewShadowIndicator.uasset" 42
"../../../Engine/Content/EditorMaterials/PreviewShadowIndicatorMaterial.uasset" 43
"../../../Engine/Content/EditorMaterials/MatineeGroups/MAT_ColorTrack.uasset" 44
"../../../Engine/Content/EditorMaterials/MatineeGroups/MAT_Groups_Anim.uasset" 45
"../../../Engine/Content/EditorMaterials/MatineeGroups/MAT_Groups_AudioMaster.uasset" 46
"../../../Engine/Content/EditorMaterials/MatineeGroups/MAT_Groups_Director.uasset" 47
"../../../Engine/Content/EditorMaterials/MatineeGroups/MAT_Groups_Event.uasset" 48
"../../../Engine/Content/EditorMaterials/MatineeGroups/MAT_Groups_Fade.uasset" 49
"../../../Engine/Content/EditorMaterials/MatineeGroups/MAT_Groups_Float.uasset" 50
"../../../Engine/Content/EditorMaterials/MatineeGroups/MAT_Groups_Move.uasset" 51
"../../../Engine/Content/EditorMaterials/MatineeGroups/MAT_Groups_Slomo.uasset" 52
"../../../Engine/Content/EditorMaterials/MatineeGroups/MAT_Groups_Sound.uasset" 53
"../../../Engine/Content/EditorMaterials/MatineeGroups/MAT_Groups_Vector.uasset" 54
"../../../Engine/Content/EditorMaterials/ParticleSystems/PSysThumbnail_NoImage.uasset" 55
"../../../Engine/Content/EditorMaterials/ParticleSystems/PSysThumbnail_OOD.uasset" 56
"../../../Engine/Content/EditorMaterials/Camera/CineMat.uasset" 57
"../../../Engine/Content/EditorMaterials/Camera/MI_CineMat_Rig.uasset" 58
"../../../Engine/Content/EditorMeshes/Camera/SM_CraneRig_Arm.uasset" 59
"../../../Engine/Content/EditorMeshes/Camera/SM_CraneRig_Base.uasset" 60
"../../../Engine/Content/EditorMeshes/Camera/SM_CraneRig_Body.uasset" 61
"../../../Engine/Content/EditorMeshes/Camera/SM_CraneRig_Mount.uasset" 62
"../../../Engine/Content/EditorMeshes/Camera/SM_RailRig_Mount.uasset" 63
"../../../Engine/Content/EditorMeshes/Camera/SM_RailRig_Track.uasset" 64
"../../../Engine/Content/EditorResources/BSPVertex.uasset" 65
"../../../Engine/Content/EditorResources/EmptyActor.uasset" 66
"../../../Engine/Content/EditorResources/S_Actor.uasset" 67
"../../../Engine/Content/EditorResources/S_Trigger.uasset" 68
"../../../Engine/Content/EditorResources/AudioIcons/S_AudioComponent_AutoActivate.uasset" 69
"../../../Engine/Content/EditorResources/LightIcons/S_LightError.uasset" 70
"../../../Engine/Content/EditorResources/SequenceRecorder/Countdown.uasset" 71
"../../../Engine/Content/EditorResources/SequenceRecorder/RecordingIndicator.uasset" 72
"../../../Engine/Content/EditorSounds/Notifications/CompileFailed.uasset" 73
"../../../Engine/Content/EditorSounds/Notifications/CompileFailed_Cue.uasset" 74
"../../../Engine/Content/EditorSounds/Notifications/CompileSuccess.uasset" 75
"../../../Engine/Content/EditorSounds/Notifications/CompileStart_Cue.uasset" 76
"../../../Engine/Content/EditorSounds/Notifications/CompileSuccess_Cue.uasset" 77
"../../../Engine/Content/EngineDamageTypes/DmgTypeBP_Environmental.uasset" 78
"../../../Engine/Content/EngineDebugMaterials/HeatmapGradient.uasset" 79
"../../../Engine/Content/EngineDebugMaterials/BoneWeightMaterial.uasset" 80
"../../../Engine/Content/EngineDebugMaterials/ClothMaterial.uasset" 81
"../../../Engine/Content/EngineDebugMaterials/ClothMaterial_WF.uasset" 82
"../../../Engine/Content/EngineDebugMaterials/DebugEditorMaterial.uasset" 83
"../../../Engine/Content/EngineDebugMaterials/DebugMeshMaterial.uasset" 84
"../../../Engine/Content/EngineDebugMaterials/GeomMaterial.uasset" 85
"../../../Engine/Content/EngineDebugMaterials/M_SimpleTranslucent.uasset" 86
"../../../Engine/Content/EngineFonts/Faces/RobotoBold.uasset" 87
"../../../Engine/Content/EngineFonts/Faces/RobotoBoldItalic.uasset" 88
"../../../Engine/Content/EngineFonts/Faces/RobotoItalic.uasset" 89
"../../../Engine/Content/EngineFonts/Faces/RobotoLight.uasset" 90
"../../../Engine/Content/EngineFonts/Faces/RobotoRegular.uasset" 91
"../../../Engine/Content/EngineFonts/Roboto.uasset" 92
"../../../Engine/Content/EngineFonts/Faces/RobotoTiny.uasset" 93
"../../../Engine/Content/EngineFonts/RobotoTiny.uasset" 94
"../../../Engine/Content/EngineMaterials/BaseFlattenDiffuseMap.uasset" 95
"../../../Engine/Content/EngineMaterials/BaseFlattenEmissiveMap.uasset" 96
"../../../Engine/Content/EngineMaterials/BaseFlattenGrayscaleMap.uasset" 97
"../../../Engine/Content/EngineMaterials/BaseFlattenNormalMap.uasset" 98
"../../../Engine/Content/EngineMaterials/BaseFlattenMaterial.uasset" 99
"../../../Engine/Content/EngineMaterials/DefaultBloomKernel.uasset" 100
"../../../Engine/Content/EngineMaterials/DefaultBokeh.uasset" 101
"../../../Engine/Content/EngineMaterials/DefaultDiffuse.uasset" 102
"../../../Engine/Content/EngineMaterials/DefaultDeferredDecalMaterial.uasset" 103
"../../../Engine/Content/EngineMaterials/DefaultLightFunctionMaterial.uasset" 104
"../../../Engine/Content/EngineMaterials/DefaultPhysicalMaterial.uasset" 105
"../../../Engine/Content/Functions/Engine_MaterialFunctions02/Utility/BreakOutFloat2Components.uasset" 106
"../../../Engine/Content/EngineMaterials/DefaultPostProcessMaterial.uasset" 107
"../../../Engine/Content/EngineFonts/RobotoDistanceField.uasset" 108
"../../../Engine/Content/EngineMaterials/DefaultTextMaterialOpaque.uasset" 109
"../../../Engine/Content/EngineMaterials/DefaultWhiteGrid.uasset" 110
"../../../Engine/Content/EngineMaterials/EditorBrushMaterial.uasset" 111
"../../../Engine/Content/EngineMaterials/Good64x64TilingNoiseHighFreq.uasset" 112
"../../../Engine/Content/EngineMaterials/MiniFont.uasset" 113
"../../../Engine/Content/EngineMaterials/InvalidLightmapSettings.uasset" 114
"../../../Engine/Content/EngineMaterials/M_InvalidLightmapSettings.uasset" 115
"../../../Engine/Content/Functions/Engine_MaterialFunctions02/WorldPositionOffset/CameraOffset.uasset" 116
"../../../Engine/Content/EngineMaterials/PhAT_JointLimitMaterial.uasset" 117
"../../../Engine/Content/EngineMaterials/PreintegratedSkinBRDF.uasset" 118
"../../../Engine/Content/EngineMaterials/RemoveSurfaceMaterial.uasset" 119
"../../../Engine/Content/EngineMaterials/WeightMapPlaceholderTexture.uasset" 120
"../../../Engine/Content/EngineResources/WhiteSquareTexture.uasset" 121
"../../../Engine/Content/EngineMaterials/Widget3DPassThrough.uasset" 122
"../../../Engine/Content/EngineMaterials/Widget3DPassThrough_Masked.uasset" 123
"../../../Engine/Content/EngineMaterials/Widget3DPassThrough_Opaque.uasset" 124
"../../../Engine/Content/EngineMaterials/Widget3DPassThrough_Masked_OneSided.uasset" 125
"../../../Engine/Content/EngineMaterials/Widget3DPassThrough_Opaque_OneSided.uasset" 126
"../../../Engine/Content/EngineMaterials/Widget3DPassThrough_Translucent.uasset" 127
"../../../Engine/Content/EngineMaterials/Widget3DPassThrough_Translucent_OneSided.uasset" 128
"../../../Engine/Content/EngineMeshes/Cylinder.uasset" 129
"../../../Engine/Content/EngineMeshes/Sphere.uasset" 130
"../../../Engine/Content/EngineResources/Black.uasset" 131
"../../../Engine/Content/EngineResources/DefaultTexture.uasset" 132
"../../../Engine/Content/EngineResources/DefaultTextureCube.uasset" 133
"../../../Engine/Content/EngineResources/DefaultVolumeTexture2D.uasset" 134
"../../../Engine/Content/EngineResources/DefaultVolumeTexture.uasset" 135
"../../../Engine/Content/EngineResources/GradientTexture0.uasset" 136
"../../../Engine/Content/EngineSounds/Master.uasset" 137
"../../../Engine/Content/Functions/Engine_MaterialFunctions01/Shading/ConvertFromDiffSpec.uasset" 138
"../../../Engine/Content/Functions/Engine_MaterialFunctions01/Shading/PowerToRoughness.uasset" 139
"../../../Engine/Content/Maps/Templates/Thumbnails/Default.uasset" 140
"../../../Engine/Content/Maps/Templates/Thumbnails/VR-Basic.uasset" 141
"../../../Engine/Content/MobileResources/T_MobileControls_texture.uasset" 142
"../../../Engine/Content/MobileResources/T_MobileMenu2.uasset" 143
"../../../Engine/Content/MobileResources/HUD/AnalogHat.uasset" 144
"../../../Engine/Content/MobileResources/HUD/DefaultVirtualJoysticks.uasset" 145
"../../../Engine/Content/MobileResources/HUD/LeftVirtualJoystickOnly.uasset" 146
"../../../Engine/Content/MobileResources/HUD/MobileHUDButton1_off.uasset" 147
"../../../Engine/Content/MobileResources/HUD/MobileHUDButton1_on.uasset" 148
"../../../Engine/Content/MobileResources/HUD/MobileHUDButton2_off.uasset" 149
"../../../Engine/Content/MobileResources/HUD/MobileHUDButton2_on.uasset" 150
"../../../Engine/Content/MobileResources/HUD/MobileHUDButton3.uasset" 151
"../../../Engine/Content/MobileResources/HUD/MobileHUDButtonFire.uasset" 152
"../../../Engine/Content/MobileResources/HUD/MobileHUDDirectionPad.uasset" 153
"../../../Engine/Content/MobileResources/HUD/MobileHUDDirectionPad2.uasset" 154
"../../../Engine/Content/MobileResources/HUD/MobileHUDDirectionPad3.uasset" 155
"../../../Engine/Content/MobileResources/HUD/MobileHUDDirectionStick.uasset" 156
"../../../Engine/Content/MobileResources/HUD/T_Castle_ThumbstickInner.uasset" 157
"../../../Engine/Content/MobileResources/HUD/T_Castle_ThumbstickOutter.uasset" 158
"../../../Engine/Content/Tutorial/ContentIntroCurve.uasset" 159
"../../../Engine/Content/VREditor/LaserPointer/VR_LaserPower_01.uasset" 160
"../../../Engine/Content/VREditor/TransformGizmo/TransformGizmoMaterial.uasset" 161
"../../../Engine/Content/VREditor/TransformGizmo/TranslucentTransformGizmoMaterial.uasset" 162
"../../../Engine/Content/VREditor/TransformGizmo/BoundingBoxCorner.uasset" 163
"../../../Engine/Content/VREditor/TransformGizmo/BoundingBoxEdge.uasset" 164
"../../../Engine/Content/VREditor/TransformGizmo/PlaneTranslationHandle.uasset" 165
"../../../Engine/Content/VREditor/TransformGizmo/Main.uasset" 166
"../../../Engine/Content/VREditor/TransformGizmo/Xray.uasset" 167
"../../../Engine/Content/VREditor/TransformGizmo/SM_Sequencer_Key.uasset" 168
"../../../Engine/Content/VREditor/TransformGizmo/SM_Sequencer_Node.uasset" 169
"../../Plugins/2D/Paper2D/Content/PlaceholderTextures/DummySpriteTexture.uasset" 170
"../../Plugins/2D/Paper2D/Content/DummySprite.uasset" 171
"../../Plugins/2D/Paper2D/Content/DefaultPaperTerrainMaterial.uasset" 172
"../../Plugins/2D/Paper2D/Content/DefaultSpriteMaterial.uasset" 173
"../../Plugins/2D/Paper2D/Content/MaskedUnlitSpriteMaterial.uasset" 174
"../../Plugins/2D/Paper2D/Content/OpaqueUnlitSpriteMaterial.uasset" 175
"../../Plugins/Runtime/Oculus/OculusVR/Content/Materials/PokeAHoleMaterial.uasset" 176
"../../Plugins/Runtime/Oculus/OculusVR/Content/Textures/GearVRController_AO.uasset" 177
"../../Plugins/Runtime/Oculus/OculusVR/Content/Textures/GearVRController_Color.uasset" 178
"../../Plugins/Runtime/Oculus/OculusVR/Content/Textures/GearVRController_Normal.uasset" 179
"../../Plugins/Runtime/Oculus/OculusVR/Content/Materials/GearVRControllerMaterial.uasset" 180
"../../Plugins/Runtime/Oculus/OculusVR/Content/Meshes/GearVrController.uasset" 181
"../../Plugins/Runtime/Oculus/OculusVR/Content/Textures/touchController_albedo.uasset" 182
"../../Plugins/Runtime/Oculus/OculusVR/Content/Textures/touchController_controlmap.uasset" 183
"../../Plugins/Runtime/Oculus/OculusVR/Content/Materials/touchController_mat.uasset" 184
"../../Plugins/Runtime/Oculus/OculusVR/Content/Meshes/LeftTouchController.uasset" 185
"../../Plugins/Runtime/Oculus/OculusVR/Content/Meshes/RiftHMD.uasset" 186
"../../Plugins/Runtime/Oculus/OculusVR/Content/Meshes/RightTouchController.uasset" 187
"../../../../../../Users/Dennis/Documents/Unreal Projects/RollingStar/Content/VehicleAdvBP/Maps/end.umap" 188
"../../../../../../Users/Dennis/Documents/Unreal Projects/RollingStar/Content/VehicleAdvBP/Maps/start.umap" 189
"../../../../../../Users/Dennis/Documents/Unreal Projects/RollingStar/Content/VehicleAdv/Vehicle/VehicleSkeleton.uasset" 190
"../../../../../../Users/Dennis/Documents/Unreal Projects/RollingStar/Content/VehicleAdv/Vehicle/VehicleAnimationBlueprint.uasset" 191
"../../../../../../Users/Dennis/Documents/Unreal Projects/RollingStar/Content/VehicleAdvBP/Blueprints/VehicleAdvHud.uasset" 192
"../../../../../../Users/Dennis/Documents/Unreal Projects/RollingStar/Content/VehicleAdv/PhysicsMaterials/NonSlippery.uasset" 193
"../../../../../../Users/Dennis/Documents/Unreal Projects/RollingStar/Content/VehicleAdv/PhysicsMaterials/Slippery.uasset" 194
"../../../../../../Users/Dennis/Documents/Unreal Projects/RollingStar/Content/VehicleAdv/Vehicle/WheelData/Vehicle_BackTireConfig.uasset" 195
"../../../../../../Users/Dennis/Documents/Unreal Projects/RollingStar/Content/VehicleAdvBP/Blueprints/WheelData/WheelBack.uasset" 196
"../../../../../../Users/Dennis/Documents/Unreal Projects/RollingStar/Content/VehicleAdv/Vehicle/WheelData/Vehicle_FrontTireConfig.uasset" 197
"../../../../../../Users/Dennis/Documents/Unreal Projects/RollingStar/Content/VehicleAdvBP/Blueprints/WheelData/WheelFront.uasset" 198
"../../../Engine/Content/Functions/Engine_MaterialFunctions03/Procedurals/ComputeFilterWidth.uasset" 199
"../../../Engine/Content/EngineMaterials/AntiAliasedTextMaterialTranslucent.uasset" 200
"../../../../../../Users/Dennis/Documents/Unreal Projects/RollingStar/Content/VehicleAdv/Sound/Engine_att.uasset" 201
"../../../../../../Users/Dennis/Documents/Unreal Projects/RollingStar/Content/VehicleAdv/Sound/Engine_Loop_Cue.uasset" 202
"../../../../../../Users/Dennis/Documents/Unreal Projects/RollingStar/Content/VehicleAdv/Materials/Fixed_Template_Master.uasset" 203
"../../../../../../Users/Dennis/Documents/Unreal Projects/RollingStar/Content/VehicleAdv/Materials/MaterialInstances/Template_BaseBlue.uasset" 204
"../../../../../../Users/Dennis/Documents/Unreal Projects/RollingStar/Content/VehicleAdv/Vehicle/VehiclePhysicsAsset.uasset" 205
"../../../../../../Users/Dennis/Documents/Unreal Projects/RollingStar/Content/VehicleAdv/Vehicle/Vehicle_SkelMesh.uasset" 206
"../../../../../../Users/Dennis/Documents/Unreal Projects/RollingStar/Content/VehicleAdvBP/Blueprints/VehicleBlueprint.uasset" 207
"../../../Engine/Content/EditorBlueprintResources/StandardMacros.uasset" 208
"../../../Engine/Content/EngineSky/C_Sky_Cloud_Color.uasset" 209
"../../../Engine/Content/EngineSky/C_Sky_Horizon_Color.uasset" 210
"../../../Engine/Content/EngineSky/C_Sky_Zenith_Color.uasset" 211
"../../../Engine/Content/EngineSky/T_Sky_Blue.uasset" 212
"../../../Engine/Content/EngineSky/T_Sky_Clouds_M.uasset" 213
"../../../Engine/Content/EngineSky/T_Sky_Stars.uasset" 214
"../../../Engine/Content/EngineSky/M_Sky_Panning_Clouds2.uasset" 215
"../../../Engine/Content/EngineSky/SM_SkySphere.uasset" 216
"../../../Engine/Content/EngineSky/BP_Sky_Sphere.uasset" 217
"../../../../../../Users/Dennis/Documents/Unreal Projects/RollingStar/Content/VehicleAdvBP/Maps/LayerInfo/Desert_LayerInfo.uasset" 218
"../../../../../../Users/Dennis/Documents/Unreal Projects/RollingStar/Content/VehicleAdvBP/Maps/LayerInfo/Track_LayerInfo.uasset" 219
"../../../../../../Users/Dennis/Documents/Unreal Projects/RollingStar/Content/VehicleAdvBP/Maps/VehicleAdvExampleMap_BuiltData.uasset" 220
"../../../../../../Users/Dennis/Documents/Unreal Projects/RollingStar/Content/VehicleAdv/Materials/Landscape.uasset" 221
"../../../../../../Users/Dennis/Documents/Unreal Projects/RollingStar/Content/VehicleAdv/Materials/MaterialInstances/LandscapeNoHole.uasset" 222
"../../../../../../Users/Dennis/Documents/Unreal Projects/RollingStar/Content/VehicleAdv/ArenaMesh/BumpWave.uasset" 223
"../../../../../../Users/Dennis/Documents/Unreal Projects/RollingStar/Content/VehicleAdv/ArenaMesh/BumpWaveSmall.uasset" 224
"../../../../../../Users/Dennis/Documents/Unreal Projects/RollingStar/Content/VehicleAdv/ArenaMesh/BumpWedge.uasset" 225
"../../../../../../Users/Dennis/Documents/Unreal Projects/RollingStar/Content/VehicleAdv/ArenaMesh/LoopBig.uasset" 226
"../../../../../../Users/Dennis/Documents/Unreal Projects/RollingStar/Content/VehicleAdv/ArenaMesh/LoopSmall.uasset" 227
"../../../../../../Users/Dennis/Documents/Unreal Projects/RollingStar/Content/VehicleAdv/ArenaMesh/RampLarge.uasset" 228
"../../../../../../Users/Dennis/Documents/Unreal Projects/RollingStar/Content/VehicleAdv/Materials/MaterialInstances/BlackGrid.uasset" 229
"../../../../../../Users/Dennis/Documents/Unreal Projects/RollingStar/Content/VehicleAdv/ArenaMesh/StraightFull.uasset" 230
"../../../../../../Users/Dennis/Documents/Unreal Projects/RollingStar/Content/VehicleAdv/ArenaMesh/StraightHalf.uasset" 231
"../../../../../../Users/Dennis/Documents/Unreal Projects/RollingStar/Content/VehicleAdv/ArenaMesh/StraightQuarter.uasset" 232
"../../../../../../Users/Dennis/Documents/Unreal Projects/RollingStar/Content/VehicleAdv/Materials/MaterialInstances/SolidRed.uasset" 233
"../../../../../../Users/Dennis/Documents/Unreal Projects/RollingStar/Content/VehicleAdv/ArenaMesh/turn_22andhalf.uasset" 234
"../../../../../../Users/Dennis/Documents/Unreal Projects/RollingStar/Content/VehicleAdv/ArenaMesh/Turn_45.uasset" 235
"../../../../../../Users/Dennis/Documents/Unreal Projects/RollingStar/Content/VehicleAdv/ArenaMesh/Turn_90.uasset" 236
"../../../../../../Users/Dennis/Documents/Unreal Projects/RollingStar/Content/VehicleAdv/ArenaMesh/Turn_90Large.uasset" 237
"../../../../../../Users/Dennis/Documents/Unreal Projects/RollingStar/Content/VehicleAdvBP/Maps/VehicleAdvExampleMap.umap" 238
"../../../Engine/Content/BasicShapes/BasicShapeMaterial.uasset" 239
"../../../Engine/Content/BasicShapes/Sphere.uasset" 240
"../../../../../../Users/Dennis/Documents/Unreal Projects/RollingStar/Content/VehicleAdvBP/Blueprints/ball.uasset" 241
"../../../../../../Users/Dennis/Documents/Unreal Projects/RollingStar/Content/ingameInterface.uasset" 242
"../../../../../../Users/Dennis/Documents/Unreal Projects/RollingStar/Content/VehicleAdvBP/Blueprints/rollingHud.uasset" 243
"../../../../../../Users/Dennis/Documents/Unreal Projects/RollingStar/Content/mainMenu.uasset" 244
"../../../../../../Users/Dennis/Documents/Unreal Projects/RollingStar/Content/VehicleAdvBP/Blueprints/VehicleAdvGameMode.uasset" 245
"../../../../../../Users/Dennis/Documents/Unreal Projects/RollingStar/Content/VehicleAdvBP/Maps/WorldA_BuiltData.uasset" 246
"../../../Engine/Content/BasicShapes/Plane.uasset" 247
"../../../../../../Users/Dennis/Documents/Unreal Projects/RollingStar/Content/VehicleAdvBP/Maps/WorldA.umap" 248
"../../../Engine/Content/Maps/Entry_BuiltData.uasset" 249
"../../../Engine/Content/Maps/Entry.umap" 250
